[11Dec2024 00:00:10.544] [Server thread/WARN] [net.minecraft.server.MinecraftServer/]: Can't keep up! Is the server overloaded? Running 2360ms or 47 ticks behind
[11Dec2024 00:00:26.128] [Server thread/INFO] [net.minecraft.server.MinecraftServer/]: [AndreiiiiiXd: Killed 1567 entities]
[11Dec2024 00:00:38.730] [Server thread/INFO] [net.minecraft.server.MinecraftServer/]: [AndreiiiiiXd: Set own game mode to Creative Mode]
[11Dec2024 00:00:40.108] [Server thread/INFO] [net.minecraft.server.MinecraftServer/]: [AndreiiiiiXd: Set own game mode to Survival Mode]
[11Dec2024 00:01:07.011] [Server thread/INFO] [net.minecraft.server.MinecraftServer/]: [AndreiiiiiXd: Set own game mode to Creative Mode]
[11Dec2024 00:01:19.712] [Server thread/INFO] [net.minecraft.server.MinecraftServer/]: [AndreiiiiiXd: Set own game mode to Survival Mode]
[11Dec2024 00:01:21.756] [Server thread/INFO] [net.minecraft.server.players.PlayerList/]: Santitin98YT[/100.106.47.35:49830] logged in with entity id 297699 at (595.394330754142, 101.0, -333.69999998807907)
[11Dec2024 00:01:21.781] [Server thread/INFO] [net.minecraft.server.MinecraftServer/]: Santitin98YT joined the game
[11Dec2024 00:02:51.570] [Server thread/INFO] [net.minecraft.server.MinecraftServer/]: [AndreiiiiiXd: Set own game mode to Creative Mode]
[11Dec2024 00:03:03.352] [Server thread/INFO] [net.minecraft.server.MinecraftServer/]: [AndreiiiiiXd: Set own game mode to Survival Mode]
[11Dec2024 00:03:28.672] [Server thread/INFO] [net.minecraft.server.MinecraftServer/]: [xXAlebyXx: Gave 1 [Cloud in a Bottle] to xXAlebyXx]
[11Dec2024 00:04:00.222] [Server thread/INFO] [net.minecraft.server.MinecraftServer/]: [Santitin98YT: Teleported Santitin98YT to xXAlebyXx]
[11Dec2024 00:04:15.913] [Server thread/INFO] [net.minecraft.server.MinecraftServer/]: [Santitin98YT: Set own game mode to Creative Mode]
[11Dec2024 00:04:42.766] [Server thread/INFO] [net.minecraft.server.MinecraftServer/]: Santitin98YT has made the advancement [Dragon Growth Hormone]
[11Dec2024 00:05:12.815] [Server thread/INFO] [net.minecraft.server.MinecraftServer/]: [Santitin98YT: Set own game mode to Survival Mode]
[11Dec2024 00:05:19.413] [Server thread/INFO] [net.minecraft.server.MinecraftServer/]: [AndreiiiiiXd: Set own game mode to Spectator Mode]
[11Dec2024 00:05:35.817] [Server thread/INFO] [net.minecraft.server.MinecraftServer/]: AndreiiiiiXd has made the advancement [Those Were the Days]
[11Dec2024 00:05:40.717] [Server thread/INFO] [net.minecraft.server.MinecraftServer/]: [AndreiiiiiXd: The difficulty has been set to Peaceful]
[11Dec2024 00:05:42.229] [Server thread/INFO] [net.minecraft.server.MinecraftServer/]: [AndreiiiiiXd: Set own game mode to Survival Mode]
[11Dec2024 00:06:15.481] [Server thread/INFO] [net.minecraft.server.MinecraftServer/]: [AndreiiiiiXd: Set own game mode to Spectator Mode]
[11Dec2024 00:06:21.861] [Server thread/INFO] [net.minecraft.server.MinecraftServer/]: [AndreiiiiiXd: Set own game mode to Survival Mode]
[11Dec2024 00:06:45.441] [Server thread/INFO] [net.minecraft.server.MinecraftServer/]: [Santitin98YT: Teleported Santitin98YT to AndreiiiiiXd]
[11Dec2024 00:06:45.759] [Server thread/INFO] [net.minecraft.server.MinecraftServer/]: Santitin98YT has made the advancement [Those Were the Days]
[11Dec2024 00:06:55.394] [Server thread/INFO] [net.minecraft.server.MinecraftServer/]: [Santitin98YT: Teleported Santitin98YT to xXAlebyXx]
[11Dec2024 00:06:58.980] [Server thread/INFO] [net.minecraft.server.MinecraftServer/]: [AndreiiiiiXd: Set own game mode to Spectator Mode]
[11Dec2024 00:07:11.316] [Server thread/INFO] [net.minecraft.server.MinecraftServer/]: [AndreiiiiiXd: Set own game mode to Survival Mode]
[11Dec2024 00:07:17.562] [Server thread/INFO] [net.minecraft.server.MinecraftServer/]: [AndreiiiiiXd: Set own game mode to Spectator Mode]
[11Dec2024 00:07:20.129] [Server thread/INFO] [net.minecraft.server.MinecraftServer/]: [AndreiiiiiXd: Set own game mode to Survival Mode]
[11Dec2024 00:07:23.664] [Server thread/INFO] [net.minecraft.server.MinecraftServer/]: [AndreiiiiiXd: Set own game mode to Spectator Mode]
[11Dec2024 00:07:41.557] [Server thread/INFO] [net.minecraft.server.MinecraftServer/]: xXAlebyXx has made the advancement [Dragon Growth Hormone]
[11Dec2024 00:08:05.844] [Server thread/INFO] [net.minecraft.server.MinecraftServer/]: AndreiiiiiXd has completed the challenge [Hot Tourist Destinations]
[11Dec2024 00:08:09.058] [Server thread/INFO] [net.minecraft.server.MinecraftServer/]: [Santitin98YT: Set own game mode to Spectator Mode]
[11Dec2024 00:08:19.668] [Server thread/INFO] [net.minecraft.server.MinecraftServer/]: [AndreiiiiiXd: Set own game mode to Survival Mode]
[11Dec2024 00:08:29.933] [Server thread/INFO] [net.minecraft.server.MinecraftServer/]: [Santitin98YT: Teleported Santitin98YT to AndreiiiiiXd]
[11Dec2024 00:08:34.110] [Server thread/INFO] [net.minecraft.server.MinecraftServer/]: [Santitin98YT: Set own game mode to Creative Mode]
[11Dec2024 00:08:35.322] [Server thread/INFO] [net.minecraft.server.MinecraftServer/]: [Santitin98YT: Set own game mode to Survival Mode]
[11Dec2024 00:09:11.663] [Server thread/INFO] [net.minecraft.server.MinecraftServer/]: [AndreiiiiiXd: Set own game mode to Spectator Mode]
[11Dec2024 00:09:25.259] [Server thread/INFO] [net.minecraft.server.MinecraftServer/]: [AndreiiiiiXd: Set own game mode to Survival Mode]
[11Dec2024 00:09:37.711] [Server thread/INFO] [net.minecraft.server.MinecraftServer/]: [Santitin98YT: Teleported Santitin98YT to xXAlebyXx]
